<?xml version="1.0" encoding="UTF-8"?>
<!-- Generated by org.testng.reporters.JUnitXMLReporter -->
<testsuite ignored="3" hostname="DESKTOP-AGOQQT3" failures="0" tests="2" name="groupingtest" time="0.104" errors="0" timestamp="2024-01-16T17:37:21 IST">
  <testcase classname="Demo3.Task.Grouping" name="test3" time="0.038"/>
  <testcase classname="Demo3.Task.Grouping" name="test4" time="0.003"/>
  <testcase classname="Demo3.Task.Grouping" name="test1" time="0.0">
    <ignored/>
  </testcase> <!-- test1 -->
  <testcase classname="Demo3.Task.Grouping" name="test5" time="0.0">
    <ignored/>
  </testcase> <!-- test5 -->
  <testcase classname="Demo3.Task.Grouping" name="test2" time="0.0">
    <ignored/>
  </testcase> <!-- test2 -->
</testsuite> <!-- groupingtest -->
