<?xml version="1.0" encoding="UTF-8"?>
<!-- Generated by org.testng.reporters.JUnitXMLReporter -->
<testsuite ignored="0" hostname="DESKTOP-AGOQQT3" failures="0" tests="3" name="paramtertest1" time="18.645" errors="0" timestamp="2024-01-22T18:40:15 IST">
  <testcase classname="Demo3.Task.Parameterization" name="logoTest" time="5.11"/>
  <testcase classname="Demo3.Task.Parameterization" name="homepageTitle" time="0.011"/>
  <testcase classname="Demo3.Task.Parameterization" name="test" time="5.337"/>
</testsuite> <!-- paramtertest1 -->
