<?xml version="1.0" encoding="UTF-8"?>
<testng-results ignored="0" total="3" passed="3" failed="0" skipped="0">
  <reporter-output>
  </reporter-output>
  <suite started-at="2024-01-22T18:39:56 IST" name="Suite" finished-at="2024-01-22T18:40:15 IST" duration-ms="18645">
    <groups>
    </groups>
    <test started-at="2024-01-22T18:39:56 IST" name="paramtertest1" finished-at="2024-01-22T18:40:15 IST" duration-ms="18645">
      <class name="Demo3.Task.Parameterization">
        <test-method is-config="true" signature="setup(java.lang.String,java.lang.String)[pri:0, instance:Demo3.Task.Parameterization@4f0f2942]" started-at="2024-01-22T18:39:56 IST" name="setup" finished-at="2024-01-22T18:40:04 IST" duration-ms="8003" status="PASS">
          <params>
            <param index="0">
              <value>
                <![CDATA[chrome]]>
              </value>
            </param>
            <param index="1">
              <value>
                <![CDATA[https://opensource-demo.orangehrmlive.com/web/index.php/auth/login]]>
              </value>
            </param>
          </params>
          <reporter-output>
          </reporter-output>
        </test-method> <!-- setup -->
        <test-method signature="logoTest()[pri:1, instance:Demo3.Task.Parameterization@4f0f2942]" started-at="2024-01-22T18:40:04 IST" name="logoTest" finished-at="2024-01-22T18:40:10 IST" duration-ms="5110" status="PASS">
          <reporter-output>
          </reporter-output>
        </test-method> <!-- logoTest -->
        <test-method signature="homepageTitle()[pri:2, instance:Demo3.Task.Parameterization@4f0f2942]" started-at="2024-01-22T18:40:10 IST" name="homepageTitle" finished-at="2024-01-22T18:40:10 IST" duration-ms="11" status="PASS">
          <reporter-output>
          </reporter-output>
        </test-method> <!-- homepageTitle -->
        <test-method signature="test()[pri:3, instance:Demo3.Task.Parameterization@4f0f2942]" started-at="2024-01-22T18:40:10 IST" name="test" finished-at="2024-01-22T18:40:15 IST" duration-ms="5337" status="PASS">
          <reporter-output>
          </reporter-output>
        </test-method> <!-- test -->
        <test-method is-config="true" signature="teardown()[pri:0, instance:Demo3.Task.Parameterization@4f0f2942]" started-at="2024-01-22T18:40:15 IST" name="teardown" finished-at="2024-01-22T18:40:15 IST" duration-ms="86" status="PASS">
          <reporter-output>
          </reporter-output>
        </test-method> <!-- teardown -->
      </class> <!-- Demo3.Task.Parameterization -->
    </test> <!-- paramtertest1 -->
  </suite> <!-- Suite -->
</testng-results>
